2022-04-10 13:41:17,040:INFO:PyCaret Supervised Module
2022-04-10 13:41:17,041:INFO:ML Usecase: classification
2022-04-10 13:41:17,041:INFO:version 2.3.9
2022-04-10 13:41:17,041:INFO:Initializing setup()
2022-04-10 13:41:17,041:INFO:setup(target=Exited, ml_usecase=classification, available_plots={'parameter': 'Hyperparameters', 'auc': 'AUC', 'confusion_matrix': 'Confusion Matrix', 'threshold': 'Threshold', 'pr': 'Precision Recall', 'error': 'Prediction Error', 'class_report': 'Class Report', 'rfe': 'Feature Selection', 'learning': 'Learning Curve', 'manifold': 'Manifold Learning', 'calibration': 'Calibration Curve', 'vc': 'Validation Curve', 'dimension': 'Dimensions', 'feature': 'Feature Importance', 'feature_all': 'Feature Importance (All)', 'boundary': 'Decision Boundary', 'lift': 'Lift Chart', 'gain': 'Gain Chart', 'tree': 'Decision Tree', 'ks': 'KS Statistic Plot'}, train_size=0.7, test_data=None, preprocess=True, imputation_type=simple, iterative_imputation_iters=5, categorical_features=None, categorical_imputation=constant, categorical_iterative_imputer=lightgbm, ordinal_features=None, high_cardinality_features=None, high_cardinality_method=frequency, numeric_features=None, numeric_imputation=mean, numeric_iterative_imputer=lightgbm, date_features=None, ignore_features=['RowNumber', 'CustomerId', 'Surname'], normalize=False, normalize_method=zscore, transformation=False, transformation_method=yeo-johnson, handle_unknown_categorical=True, unknown_categorical_method=least_frequent, pca=False, pca_method=linear, pca_components=None, ignore_low_variance=False, combine_rare_levels=False, rare_level_threshold=0.1, bin_numeric_features=None, remove_outliers=False, outliers_threshold=0.05, remove_multicollinearity=False, multicollinearity_threshold=0.9, remove_perfect_collinearity=True, create_clusters=False, cluster_iter=20, polynomial_features=False, polynomial_degree=2, trigonometry_features=False, polynomial_threshold=0.1, group_features=None, group_names=None, feature_selection=False, feature_selection_threshold=0.8, feature_selection_method=classic, feature_interaction=False, feature_ratio=False, interaction_threshold=0.01, fix_imbalance=False, fix_imbalance_method=None, transform_target=False, transform_target_method=box-cox, data_split_shuffle=True, data_split_stratify=False, fold_strategy=stratifiedkfold, fold=10, fold_shuffle=False, fold_groups=None, n_jobs=-1, use_gpu=False, custom_pipeline=None, html=True, session_id=None, log_experiment=False, experiment_name=None, experiment_custom_tags=None, log_plots=False, log_profile=False, log_data=False, silent=False, verbose=True, profile=False, profile_kwargs=None, display=None)
2022-04-10 13:41:17,041:INFO:Checking environment
2022-04-10 13:41:17,041:INFO:python_version: 3.8.8
2022-04-10 13:41:17,041:INFO:python_build: ('default', 'Apr 13 2021 19:58:26')
2022-04-10 13:41:17,041:INFO:machine: x86_64
2022-04-10 13:41:17,064:INFO:platform: Linux-5.13.0-39-generic-x86_64-with-glibc2.10
2022-04-10 13:41:17,065:INFO:Memory: svmem(total=6074986496, available=1249005568, percent=79.4, used=4377522176, free=137236480, active=945721344, inactive=4345085952, buffers=175509504, cached=1384718336, shared=158666752, slab=335183872)
2022-04-10 13:41:17,066:INFO:Physical Core: 8
2022-04-10 13:41:17,067:INFO:Logical Core: 16
2022-04-10 13:41:17,067:INFO:Checking libraries
2022-04-10 13:41:17,067:INFO:pd==1.2.4
2022-04-10 13:41:17,067:INFO:numpy==1.19.5
2022-04-10 13:41:17,067:INFO:sklearn==0.23.2
2022-04-10 13:41:17,067:INFO:lightgbm==3.3.2
2022-04-10 13:41:17,068:WARNING:catboost not found
2022-04-10 13:41:17,068:WARNING:xgboost not found
2022-04-10 13:41:17,068:INFO:mlflow==1.24.0
2022-04-10 13:41:17,068:INFO:Checking Exceptions
2022-04-10 13:41:17,068:INFO:Declaring global variables
2022-04-10 13:41:17,068:INFO:USI: d81b
2022-04-10 13:41:17,068:INFO:pycaret_globals: {'stratify_param', 'dashboard_logger', 'y', '_ml_usecase', 'experiment__', '_gpu_n_jobs_param', 'master_model_container', 'exp_name_log', 'logging_param', 'target_param', 'fold_generator', 'seed', 'fold_groups_param_full', 'USI', 'transform_target_param', 'pycaret_globals', '_available_plots', 'X', '_internal_pipeline', 'fold_shuffle_param', 'iterative_imputation_iters_param', 'html_param', 'imputation_classifier', 'data_before_preprocess', 'fold_param', 'display_container', 'y_train', 'X_test', 'n_jobs_param', 'log_plots_param', 'fix_imbalance_param', 'fold_groups_param', 'transform_target_method_param', 'imputation_regressor', 'fix_imbalance_method_param', '_all_models_internal', 'create_model_container', 'X_train', '_all_models', 'prep_pipe', 'y_test', '_all_metrics', 'gpu_param'}
2022-04-10 13:41:17,068:INFO:Preparing display monitor
2022-04-10 13:41:17,068:INFO:Preparing display monitor
2022-04-10 13:41:17,087:INFO:Importing libraries
2022-04-10 13:41:17,088:INFO:Copying data for preprocessing
2022-04-10 13:41:17,101:INFO:Declaring preprocessing parameters
2022-04-10 13:41:17,104:INFO:Creating preprocessing pipeline
2022-04-10 13:41:17,142:INFO:Preprocessing pipeline created successfully
2022-04-10 13:41:17,142:ERROR:(Process Exit): setup has been interupted with user command 'quit'. setup must rerun.
2022-04-10 13:41:17,142:INFO:Creating global containers
2022-04-10 13:41:17,144:INFO:Internal pipeline: Pipeline(memory=None, steps=[('empty_step', 'passthrough')], verbose=False)
